2019/08/27 10:16:11 -----------------Login API------------------
2019/08/27 10:16:11 body:  {
	"Username": "arena",
	"Password": "123456"
}
2019/08/27 10:16:11 loginObject:  {arena 123456}
2019/08/27 10:16:14 -----------------Login API------------------
2019/08/27 10:16:14 body:  {
	"Username": "arena",
	"Password": "123456"
}
2019/08/27 10:16:14 loginObject:  {arena 123456}
2019/08/27 10:17:05 -----------------Login API------------------
2019/08/27 10:17:05 body:  {
	"Username": "arena",
	"Password": "123456"
}
2019/08/27 10:17:05 loginObject:  {arena 123456}
2019/08/27 10:17:07 -----------------Login API------------------
2019/08/27 10:17:07 body:  {
	"Username": "arena",
	"Password": "123456"
}
2019/08/27 10:17:07 loginObject:  {arena 123456}
2019/08/27 10:18:41 -----------------Login API------------------
2019/08/27 10:18:41 body:  {
	"Username": "arena",
	"Password": "123456"
}
2019/08/27 10:18:41 loginObject:  {arena 123456}
2019/08/27 10:18:42 -----------------Login API------------------
2019/08/27 10:18:42 body:  {
	"Username": "arena",
	"Password": "123456"
}
2019/08/27 10:18:42 loginObject:  {arena 123456}
2019/08/27 10:18:52 -----------------Login API------------------
2019/08/27 10:18:52 body:  {
	"Username": "arena",
	"Password": "123456"
}
2019/08/27 10:18:52 loginObject:  {arena 123456}
2019/08/27 10:18:53 -----------------Login API------------------
2019/08/27 10:18:53 body:  {
	"Username": "arena",
	"Password": "123456"
}
2019/08/27 10:18:53 loginObject:  {arena 123456}
2019/08/27 10:18:54 -----------------Login API------------------
2019/08/27 10:18:54 body:  {
	"Username": "arena",
	"Password": "123456"
}
2019/08/27 10:18:54 loginObject:  {arena 123456}
2019/08/27 10:18:55 -----------------Login API------------------
2019/08/27 10:18:55 body:  {
	"Username": "arena",
	"Password": "123456"
}
2019/08/27 10:18:55 loginObject:  {arena 123456}
2019/08/27 10:18:57 -----------------Login API------------------
2019/08/27 10:18:57 body:  {
	"Username": "arena",
	"Password": "123456"
}
2019/08/27 10:18:57 loginObject:  {arena 123456}
2019/08/27 10:23:55 -----------------Login API------------------
2019/08/27 10:23:55 body:  {
	"Username": "arena",
	"Password": "123456"
}
2019/08/27 10:23:55 loginObject:  {arena 123456}
2019/08/27 10:24:20 -----------------Login API------------------
2019/08/27 10:24:20 body:  {
	"Username": "arena",
	"Password": "123456"
}
2019/08/27 10:24:20 loginObject:  {arena 123456}
2019/08/27 10:24:22 -----------------Login API------------------
2019/08/27 10:24:22 body:  {
	"Username": "arena",
	"Password": "123456"
}
2019/08/27 10:24:22 loginObject:  {arena 123456}
2019/08/27 10:24:28 -----------------Login API------------------
2019/08/27 10:24:28 body:  {
	"Username": "arena",
	"Password": "123456"
}
2019/08/27 10:24:28 loginObject:  {arena 123456}
2019/08/27 10:24:29 -----------------Login API------------------
2019/08/27 10:24:29 body:  {
	"Username": "arena",
	"Password": "123456"
}
2019/08/27 10:24:29 loginObject:  {arena 123456}
2019/08/27 10:28:23 -----------------Login API------------------
2019/08/27 10:28:23 body:  {
	"Username": "arena",
	"Password": "123456"
}
2019/08/27 10:28:23 loginObject:  {arena 123456}
2019/08/27 10:31:16 -----------------Login API------------------
2019/08/27 10:31:16 body:  {
	"Username": "arena",
	"Password": "123456"
}
2019/08/27 10:31:16 loginObject:  {arena 123456}
2019/08/27 10:31:17 -----------------Login API------------------
2019/08/27 10:31:17 body:  {
	"Username": "arena",
	"Password": "123456"
}
2019/08/27 10:31:17 loginObject:  {arena 123456}
2019/08/27 10:32:24 -----------------Login API------------------
2019/08/27 10:32:24 body:  {
	"Username": "arena",
	"Password": "123456"
}
2019/08/27 10:32:24 loginObject:  {arena 123456}
2019/08/27 10:37:21 -----------------Login API------------------
2019/08/27 10:37:21 body:  {
	"Username": "arena",
	"Password": "123456"
}
2019/08/27 10:37:21 loginObject:  {arena 123456}
2019/08/27 10:38:12 -----------------Login API------------------
2019/08/27 10:38:12 body:  {
	"Username": "arena",
	"Password": "123456"
}
2019/08/27 10:38:12 loginObject:  {arena 123456}
2019/08/27 10:43:53 -----------------Login API------------------
2019/08/27 10:43:53 body:  {
	"Username": "arena",
	"Password": "123456"
}
2019/08/27 10:43:53 loginObject:  {arena 123456}
2019/08/27 13:30:51 -----------------Login API------------------
2019/08/27 13:30:51 body:  {
	"Username": "arena",
	"Password": "123456"
}
2019/08/27 13:30:51 loginObject:  {arena 123456}
2019/08/27 13:35:44 -----------------Login API------------------
2019/08/27 13:35:44 body:  {
	"Username": "arena",
	"Password": "123456"
}
2019/08/27 13:35:44 loginObject:  {arena 123456}
2019/08/27 13:36:03 -----------------Login API------------------
2019/08/27 13:36:03 body:  {
	"Username": "arena",
	"Password": "123456"
}
2019/08/27 13:36:03 loginObject:  {arena 123456}
2019/08/27 13:36:48 -----------------Login API------------------
2019/08/27 13:36:48 body:  {
	"Username": "arena",
	"Password": "123456"
}
2019/08/27 13:36:48 loginObject:  {arena 123456}
2019/08/27 13:36:51 -----------------Login API------------------
2019/08/27 13:36:51 body:  {
	"Username": "arena",
	"Password": "123456"
}
2019/08/27 13:36:51 loginObject:  {arena 123456}
2019/08/27 13:37:00 -----------------Login API------------------
2019/08/27 13:37:00 body:  {
	"Username": "arena",
	"Password": "123456"
}
2019/08/27 13:37:00 loginObject:  {arena 123456}
2019/08/27 13:37:23 -----------------Login API------------------
2019/08/27 13:37:23 body:  {
	"Username": "arena",
	"Password": "123456"
}
2019/08/27 13:37:23 loginObject:  {arena 123456}
2019/08/27 13:41:59 -----------------Login API------------------
2019/08/27 13:41:59 body:  {
	"Username": "arena",
	"Password": "123456"
}
2019/08/27 13:41:59 loginObject:  {arena 123456}
2019/08/27 13:42:00 -----------------Login API------------------
2019/08/27 13:42:00 body:  {
	"Username": "arena",
	"Password": "123456"
}
2019/08/27 13:42:00 loginObject:  {arena 123456}
2019/08/27 13:42:02 -----------------Login API------------------
2019/08/27 13:42:02 body:  {
	"Username": "arena",
	"Password": "123456"
}
2019/08/27 13:42:02 loginObject:  {arena 123456}
2019/08/27 13:44:56 -----------------Login API------------------
2019/08/27 13:44:56 body:  {
	"Username": "arena",
	"Password": "123456"
}
2019/08/27 13:44:56 loginObject:  {arena 123456}
2019/08/27 13:44:58 -----------------Login API------------------
2019/08/27 13:44:58 body:  {
	"Username": "arena",
	"Password": "123456"
}
2019/08/27 13:44:58 loginObject:  {arena 123456}
2019/08/27 13:45:05 -----------------Login API------------------
2019/08/27 13:45:05 body:  {
	"Username": "arena",
	"Password": "123456"
}
2019/08/27 13:45:05 loginObject:  {arena 123456}
2019/08/27 13:45:06 -----------------Login API------------------
2019/08/27 13:45:06 body:  {
	"Username": "arena",
	"Password": "123456"
}
2019/08/27 13:45:06 loginObject:  {arena 123456}
2019/08/27 13:49:18 -----------------Login API------------------
2019/08/27 13:49:18 body:  {
	"Username": "arena",
	"Password": "123456"
}
2019/08/27 13:49:18 loginObject:  {arena 123456}
2019/08/27 13:50:43 -----------------Login API------------------
2019/08/27 13:50:43 body:  {
	"Username": "arena",
	"Password": "123456"
}
2019/08/27 13:50:43 loginObject:  {arena 123456}
2019/08/27 13:51:02 -----------------Login API------------------
2019/08/27 13:51:02 body:  {
	"Username": "arena",
	"Password": "123456"
}
2019/08/27 13:51:02 loginObject:  {arena 123456}
2019/08/27 14:07:09 -----------------Login API------------------
2019/08/27 14:07:09 body:  {
	"Username": "arena",
	"Password": "123456"
}
2019/08/27 14:07:09 loginObject:  {arena 123456}
2019/08/27 14:07:11 -----------------Login API------------------
2019/08/27 14:07:11 body:  {
	"Username": "arena",
	"Password": "123456"
}
2019/08/27 14:07:11 loginObject:  {arena 123456}
2019/08/27 14:07:24 -----------------Login API------------------
2019/08/27 14:07:24 body:  {
	"Username": "arena",
	"Password": "123456"
}
2019/08/27 14:07:24 loginObject:  {arena 123456}
2019/08/27 14:10:21 -----------------Login API------------------
2019/08/27 14:10:21 body:  {
	"Username": "arena",
	"Password": "123456"
}
2019/08/27 14:10:21 loginObject:  {arena 123456}
2019/08/27 14:10:22 -----------------Login API------------------
2019/08/27 14:10:22 body:  {
	"Username": "arena",
	"Password": "123456"
}
2019/08/27 14:10:22 loginObject:  {arena 123456}
2019/08/27 14:10:23 -----------------Login API------------------
2019/08/27 14:10:23 body:  {
	"Username": "arena",
	"Password": "123456"
}
2019/08/27 14:10:23 loginObject:  {arena 123456}
2019/08/27 14:10:24 -----------------Login API------------------
2019/08/27 14:10:24 body:  {
	"Username": "arena",
	"Password": "123456"
}
2019/08/27 14:10:24 loginObject:  {arena 123456}
2019/08/27 14:10:30 -----------------Login API------------------
2019/08/27 14:10:30 body:  {
	"Username": "arena",
	"Password": "123456"
}
2019/08/27 14:10:30 loginObject:  {arena 123456}
2019/08/27 14:12:24 -----------------Login API------------------
2019/08/27 14:12:24 body:  {
	"Username": "arena",
	"Password": "123456"
}
2019/08/27 14:12:24 loginObject:  {arena 123456}
2019/08/27 14:12:26 -----------------Login API------------------
2019/08/27 14:12:26 body:  {
	"Username": "arena",
	"Password": "123456"
}
2019/08/27 14:12:26 loginObject:  {arena 123456}
2019/08/27 14:13:36 -----------------Login API------------------
2019/08/27 14:13:36 body:  {
	"Username": "arena",
	"Password": "123456"
}
2019/08/27 14:13:36 loginObject:  {arena 123456}
2019/08/27 14:13:37 -----------------Login API------------------
2019/08/27 14:13:37 body:  {
	"Username": "arena",
	"Password": "123456"
}
2019/08/27 14:13:37 loginObject:  {arena 123456}
2019/08/27 14:13:38 -----------------Login API------------------
2019/08/27 14:13:38 body:  {
	"Username": "arena",
	"Password": "123456"
}
2019/08/27 14:13:38 loginObject:  {arena 123456}
2019/08/27 14:13:39 -----------------Login API------------------
2019/08/27 14:13:39 body:  {
	"Username": "arena",
	"Password": "123456"
}
2019/08/27 14:13:39 loginObject:  {arena 123456}
2019/08/27 14:16:46 -----------------Login API------------------
2019/08/27 14:16:46 body:  {
	"Username": "arena",
	"Password": "123456"
}
2019/08/27 14:16:46 loginObject:  {arena 123456}
2019/08/27 14:16:47 -----------------Login API------------------
2019/08/27 14:16:47 body:  {
	"Username": "arena",
	"Password": "123456"
}
2019/08/27 14:16:47 loginObject:  {arena 123456}
2019/08/27 14:21:55 -----------------Login API------------------
2019/08/27 14:21:55 body:  {
	"Username": "arena",
	"Password": "123456"
}
2019/08/27 14:21:55 loginObject:  {arena 123456}
2019/08/27 14:21:57 -----------------Login API------------------
2019/08/27 14:21:57 body:  {
	"Username": "arena",
	"Password": "123456"
}
2019/08/27 14:21:57 loginObject:  {arena 123456}
2019/08/27 14:22:01 -----------------Login API------------------
2019/08/27 14:22:01 body:  {
	"Username": "arena",
	"Password": "123456"
}
2019/08/27 14:22:01 loginObject:  {arena 123456}
2019/08/27 14:22:02 -----------------Login API------------------
2019/08/27 14:22:02 body:  {
	"Username": "arena",
	"Password": "123456"
}
2019/08/27 14:22:02 loginObject:  {arena 123456}
2019/08/27 14:24:23 -----------------Login API------------------
2019/08/27 14:24:23 body:  {
	"Username": "arena",
	"Password": "123456"
}
2019/08/27 14:24:23 loginObject:  {arena 123456}
2019/08/27 14:24:24 -----------------Login API------------------
2019/08/27 14:24:24 body:  {
	"Username": "arena",
	"Password": "123456"
}
2019/08/27 14:24:24 loginObject:  {arena 123456}
2019/08/27 14:24:25 -----------------Login API------------------
2019/08/27 14:24:25 body:  {
	"Username": "arena",
	"Password": "123456"
}
2019/08/27 14:24:25 loginObject:  {arena 123456}
2019/08/27 14:24:26 -----------------Login API------------------
2019/08/27 14:24:26 body:  {
	"Username": "arena",
	"Password": "123456"
}
2019/08/27 14:24:26 loginObject:  {arena 123456}
2019/08/27 14:24:27 -----------------Login API------------------
2019/08/27 14:24:27 body:  {
	"Username": "arena",
	"Password": "123456"
}
2019/08/27 14:24:27 loginObject:  {arena 123456}
2019/08/27 14:27:22 -----------------Login API------------------
2019/08/27 14:27:22 body:  {
	"Username": "arena",
	"Password": "123456"
}
2019/08/27 14:27:22 loginObject:  {arena 123456}
2019/08/27 14:27:23 -----------------Login API------------------
2019/08/27 14:27:23 body:  {
	"Username": "arena",
	"Password": "123456"
}
2019/08/27 14:27:23 loginObject:  {arena 123456}
2019/08/27 14:28:46 -----------------Login API------------------
2019/08/27 14:28:46 body:  {
	"Username": "arena",
	"Password": "123456"
}
2019/08/27 14:28:46 loginObject:  {arena 123456}
2019/08/27 14:28:53 -----------------Login API------------------
2019/08/27 14:28:53 body:  {
	"Username": "arena",
	"Password": "123456"
}
2019/08/27 14:28:53 loginObject:  {arena 123456}
2019/08/27 14:28:54 -----------------Login API------------------
2019/08/27 14:28:54 body:  {
	"Username": "arena",
	"Password": "123456"
}
2019/08/27 14:28:54 loginObject:  {arena 123456}
2019/08/27 14:29:32 -----------------Login API------------------
2019/08/27 14:29:32 body:  {
	"Username": "arena",
	"Password": "123456"
}
2019/08/27 14:29:32 loginObject:  {arena 123456}
2019/08/27 14:29:35 -----------------Login API------------------
2019/08/27 14:29:35 body:  {
	"Username": "arena",
	"Password": "123456"
}
2019/08/27 14:29:35 loginObject:  {arena 123456}
2019/08/27 14:29:35 -----------------Login API------------------
2019/08/27 14:29:35 body:  {
	"Username": "arena",
	"Password": "123456"
}
2019/08/27 14:29:35 loginObject:  {arena 123456}
2019/08/27 14:29:36 -----------------Login API------------------
2019/08/27 14:29:36 body:  {
	"Username": "arena",
	"Password": "123456"
}
2019/08/27 14:29:36 loginObject:  {arena 123456}
2019/08/27 14:29:37 -----------------Login API------------------
2019/08/27 14:29:37 body:  {
	"Username": "arena",
	"Password": "123456"
}
2019/08/27 14:29:37 loginObject:  {arena 123456}
2019/08/27 14:29:40 -----------------Login API------------------
2019/08/27 14:29:40 body:  {
	"Username": "arena",
	"Password": "123456"
}
2019/08/27 14:29:40 loginObject:  {arena 123456}
2019/08/27 14:30:45 -----------------Login API------------------
2019/08/27 14:30:45 body:  {
	"Username": "arena",
	"Password": "123456"
}
2019/08/27 14:30:45 loginObject:  {arena 123456}
2019/08/27 14:30:46 -----------------Login API------------------
2019/08/27 14:30:46 body:  {
	"Username": "arena",
	"Password": "123456"
}
2019/08/27 14:30:46 loginObject:  {arena 123456}
2019/08/27 14:31:12 -----------------Login API------------------
2019/08/27 14:31:12 body:  {
	"Username": "arena",
	"Password": "123456"
}
2019/08/27 14:31:12 loginObject:  {arena 123456}
2019/08/27 14:31:15 -----------------Login API------------------
2019/08/27 14:31:15 body:  {
	"Username": "arena",
	"Password": "123456"
}
2019/08/27 14:31:15 loginObject:  {arena 123456}
2019/08/27 14:44:31 -----------------Login API------------------
2019/08/27 14:44:31 body:  {
	"Username": "arena",
	"Password": "123456"
}
2019/08/27 14:44:31 loginObject:  {arena 123456}
2019/08/27 14:46:38 -----------------Login API------------------
2019/08/27 14:46:38 body:  {
	"Username": "arena",
	"Password": "123456"
}
2019/08/27 14:46:38 loginObject:  {arena 123456}
2019/08/27 14:46:41 -----------------Login API------------------
2019/08/27 14:46:41 body:  {
	"Username": "arena",
	"Password": "123456"
}
2019/08/27 14:46:41 loginObject:  {arena 123456}
2019/08/27 14:46:50 -----------------Login API------------------
2019/08/27 14:46:50 body:  {
	"Username": "arena",
	"Password": "123456"
}
2019/08/27 14:46:50 loginObject:  {arena 123456}
2019/08/27 14:46:51 -----------------Login API------------------
2019/08/27 14:46:51 body:  {
	"Username": "arena",
	"Password": "123456"
}
2019/08/27 14:46:51 loginObject:  {arena 123456}
2019/08/27 14:46:52 -----------------Login API------------------
2019/08/27 14:46:52 body:  {
	"Username": "arena",
	"Password": "123456"
}
2019/08/27 14:46:52 loginObject:  {arena 123456}
2019/08/27 14:47:11 -----------------Login API------------------
2019/08/27 14:47:11 body:  {
	"Username": "arena",
	"Password": "123456"
}
2019/08/27 14:47:11 loginObject:  {arena 123456}
2019/08/27 14:55:14 -----------------Login API------------------
2019/08/27 14:55:14 body:  {
	"Username": "arena",
	"Password": "123456"
}
2019/08/27 14:55:14 loginObject:  {arena 123456}
2019/08/27 14:55:32 -----------------Login API------------------
2019/08/27 14:55:32 body:  {
	"Username": "arena",
	"Password": "123456"
}
2019/08/27 14:55:32 loginObject:  {arena 123456}
2019/08/27 14:55:33 -----------------Login API------------------
2019/08/27 14:55:33 body:  {
	"Username": "arena",
	"Password": "123456"
}
2019/08/27 14:55:33 loginObject:  {arena 123456}
2019/08/27 14:55:34 -----------------Login API------------------
2019/08/27 14:55:34 body:  {
	"Username": "arena",
	"Password": "123456"
}
2019/08/27 14:55:34 loginObject:  {arena 123456}
2019/08/27 14:55:35 -----------------Login API------------------
2019/08/27 14:55:35 body:  {
	"Username": "arena",
	"Password": "123456"
}
2019/08/27 14:55:35 loginObject:  {arena 123456}
2019/08/27 14:55:36 -----------------Login API------------------
2019/08/27 14:55:36 body:  {
	"Username": "arena",
	"Password": "123456"
}
2019/08/27 14:55:36 loginObject:  {arena 123456}
2019/08/27 14:55:36 -----------------Login API------------------
2019/08/27 14:55:36 body:  {
	"Username": "arena",
	"Password": "123456"
}
2019/08/27 14:55:36 loginObject:  {arena 123456}
2019/08/27 14:55:51 -----------------Login API------------------
2019/08/27 14:55:51 body:  {
	"Username": "arena",
	"Password": "123456"
}
2019/08/27 14:55:51 loginObject:  {arena 123456}
2019/08/27 14:55:52 -----------------Login API------------------
2019/08/27 14:55:52 body:  {
	"Username": "arena",
	"Password": "123456"
}
2019/08/27 14:55:52 loginObject:  {arena 123456}
2019/08/27 14:55:53 -----------------Login API------------------
2019/08/27 14:55:53 body:  {
	"Username": "arena",
	"Password": "123456"
}
2019/08/27 14:55:53 loginObject:  {arena 123456}
2019/08/27 14:55:54 -----------------Login API------------------
2019/08/27 14:55:54 body:  {
	"Username": "arena",
	"Password": "123456"
}
2019/08/27 14:55:54 loginObject:  {arena 123456}
2019/08/27 14:55:55 -----------------Login API------------------
2019/08/27 14:55:55 body:  {
	"Username": "arena",
	"Password": "123456"
}
2019/08/27 14:55:55 loginObject:  {arena 123456}
2019/08/27 14:55:56 -----------------Login API------------------
2019/08/27 14:55:56 body:  {
	"Username": "arena",
	"Password": "123456"
}
2019/08/27 14:55:56 loginObject:  {arena 123456}
2019/08/27 14:55:56 -----------------Login API------------------
2019/08/27 14:55:56 body:  {
	"Username": "arena",
	"Password": "123456"
}
2019/08/27 14:55:56 loginObject:  {arena 123456}
2019/08/27 14:57:29 -----------------Login API------------------
2019/08/27 14:57:29 body:  {
	"Username": "arena",
	"Password": "123456"
}
2019/08/27 14:57:29 loginObject:  {arena 123456}
2019/08/27 14:57:50 -----------------Login API------------------
2019/08/27 14:57:50 body:  {
	"Username": "arena",
	"Password": "123456"
}
2019/08/27 14:57:50 loginObject:  {arena 123456}
2019/08/27 14:57:51 -----------------Login API------------------
2019/08/27 14:57:51 body:  {
	"Username": "arena",
	"Password": "123456"
}
2019/08/27 14:57:51 loginObject:  {arena 123456}
2019/08/27 14:57:52 -----------------Login API------------------
2019/08/27 14:57:52 body:  {
	"Username": "arena",
	"Password": "123456"
}
2019/08/27 14:57:52 loginObject:  {arena 123456}
2019/08/27 14:57:53 -----------------Login API------------------
2019/08/27 14:57:53 body:  {
	"Username": "arena",
	"Password": "123456"
}
2019/08/27 14:57:53 loginObject:  {arena 123456}
2019/08/27 14:57:53 -----------------Login API------------------
2019/08/27 14:57:53 body:  {
	"Username": "arena",
	"Password": "123456"
}
2019/08/27 14:57:53 loginObject:  {arena 123456}
2019/08/27 14:57:54 -----------------Login API------------------
2019/08/27 14:57:54 body:  {
	"Username": "arena",
	"Password": "123456"
}
2019/08/27 14:57:54 loginObject:  {arena 123456}
2019/08/27 14:57:59 -----------------Login API------------------
2019/08/27 14:57:59 body:  {
	"Username": "arena",
	"Password": "123456"
}
2019/08/27 14:57:59 loginObject:  {arena 123456}
2019/08/27 14:58:00 -----------------Login API------------------
2019/08/27 14:58:00 body:  {
	"Username": "arena",
	"Password": "123456"
}
2019/08/27 14:58:00 loginObject:  {arena 123456}
2019/08/27 15:00:32 -----------------Login API------------------
2019/08/27 15:00:32 body:  {
	"Username": "arena",
	"Password": "123456"
}
2019/08/27 15:00:32 loginObject:  {arena 123456}
2019/08/27 15:00:33 -----------------Login API------------------
2019/08/27 15:00:33 body:  {
	"Username": "arena",
	"Password": "123456"
}
2019/08/27 15:00:33 loginObject:  {arena 123456}
2019/08/27 15:02:01 -----------------Login API------------------
2019/08/27 15:02:01 body:  {
	"Username": "arena",
	"Password": "123456"
}
2019/08/27 15:02:01 loginObject:  {arena 123456}
2019/08/27 15:02:02 -----------------Login API------------------
2019/08/27 15:02:02 body:  {
	"Username": "arena",
	"Password": "123456"
}
2019/08/27 15:02:02 loginObject:  {arena 123456}
2019/08/27 15:02:04 -----------------Login API------------------
2019/08/27 15:02:04 body:  {
	"Username": "arena",
	"Password": "123456"
}
2019/08/27 15:02:04 loginObject:  {arena 123456}
2019/08/27 15:02:05 -----------------Login API------------------
2019/08/27 15:02:05 body:  {
	"Username": "arena",
	"Password": "123456"
}
2019/08/27 15:02:05 loginObject:  {arena 123456}
2019/08/27 15:06:56 -----------------Login API------------------
2019/08/27 15:06:56 body:  {
	"Username": "arena",
	"Password": "123456"
}
2019/08/27 15:06:56 loginObject:  {arena 123456}
2019/08/27 15:06:57 -----------------Login API------------------
2019/08/27 15:06:57 body:  {
	"Username": "arena",
	"Password": "123456"
}
2019/08/27 15:06:57 loginObject:  {arena 123456}
2019/08/27 15:06:58 -----------------Login API------------------
2019/08/27 15:06:58 body:  {
	"Username": "arena",
	"Password": "123456"
}
2019/08/27 15:06:58 loginObject:  {arena 123456}
2019/08/27 15:06:59 -----------------Login API------------------
2019/08/27 15:06:59 body:  {
	"Username": "arena",
	"Password": "123456"
}
2019/08/27 15:06:59 loginObject:  {arena 123456}
2019/08/27 15:07:00 -----------------Login API------------------
2019/08/27 15:07:00 body:  {
	"Username": "arena",
	"Password": "123456"
}
2019/08/27 15:07:00 loginObject:  {arena 123456}
2019/08/27 15:17:00 -----------------Login API------------------
2019/08/27 15:17:00 body:  {
	"Username": "arena",
	"Password": "123456"
}
2019/08/27 15:17:00 loginObject:  {arena 123456}
2019/08/27 15:17:02 -----------------Login API------------------
2019/08/27 15:17:02 body:  {
	"Username": "arena",
	"Password": "123456"
}
2019/08/27 15:17:02 loginObject:  {arena 123456}
2019/08/27 15:17:07 -----------------Login API------------------
2019/08/27 15:17:07 body:  {
	"Username": "arena",
	"Password": "123456"
}
2019/08/27 15:17:07 loginObject:  {arena 123456}
2019/08/27 15:18:24 -----------------Login API------------------
2019/08/27 15:18:24 body:  {
	"Username": "arena",
	"Password": "123456"
}
2019/08/27 15:18:24 loginObject:  {arena 123456}
2019/08/27 15:18:26 -----------------Login API------------------
2019/08/27 15:18:26 body:  {
	"Username": "arena",
	"Password": "123456"
}
2019/08/27 15:18:26 loginObject:  {arena 123456}
2019/08/27 15:19:06 -----------------Login API------------------
2019/08/27 15:19:06 body:  {
	"Username": "arena",
	"Password": "123456"
}
2019/08/27 15:19:06 loginObject:  {arena 123456}
2019/08/27 15:19:09 -----------------Login API------------------
2019/08/27 15:19:09 body:  {
	"Username": "arena",
	"Password": "123456"
}
2019/08/27 15:19:09 loginObject:  {arena 123456}
2019/08/27 15:30:41 -----------------Login API------------------
2019/08/27 15:30:41 body:  {
	"Username": "arena",
	"Password": "123456"
}
2019/08/27 15:30:41 loginObject:  {arena 123456}
